Tue Dec 17 20:57:00 CST 2024
Tue Dec 17 21:10:54 CST 2024
Wed Dec 18 13:29:12 CST 2024
Wed Dec 18 13:39:40 CST 2024
Wed Dec 18 14:03:02 CST 2024
Wed Dec 18 14:03:23 CST 2024
Wed Dec 18 14:12:43 CST 2024
Wed Dec 18 14:18:26 CST 2024
Thu Dec 19 13:57:44 CST 2024
Thu Dec 19 14:05:49 CST 2024
Thu Dec 19 14:16:56 CST 2024
starting time:1734589030
S:
[[[ 1  1 -1]
  [ 1 -1 -1]
  [-1 -1  1]
  ...
  [ 1  1  1]
  [ 1 -1 -1]
  [ 1 -1  1]]

 [[-1 -1 -1]
  [ 1  1 -1]
  [-1 -1 -1]
  ...
  [-1  1  1]
  [ 1  1 -1]
  [ 1  1 -1]]

 [[-1 -1 -1]
  [-1 -1  1]
  [ 1 -1 -1]
  ...
  [-1 -1  1]
  [-1  1  1]
  [ 1 -1  1]]

 ...

 [[-1  1 -1]
  [-1  1  1]
  [ 1 -1 -1]
  ...
  [ 1  1 -1]
  [ 1  1 -1]
  [ 1  1  1]]

 [[-1  1  1]
  [-1 -1 -1]
  [-1  1 -1]
  ...
  [ 1  1 -1]
  [ 1  1 -1]
  [ 1 -1 -1]]

 [[-1  1 -1]
  [-1 -1 -1]
  [-1  1  1]
  ...
  [ 1  1  1]
  [ 1 -1  1]
  [ 1  1 -1]]]
J_hidden:
[[[ 1.2961595   0.14818645 -1.1393031 ]
  [ 1.5386096  -0.04567093  0.79409987]
  [ 0.23325111 -1.6663908  -0.41077465]]

 [[ 0.43059406 -0.8177491   1.4648806 ]
  [-0.9425967  -0.9953761   1.0586491 ]
  [ 0.8547773   0.13995174  1.4999231 ]]

 [[ 0.1463991   0.06151443  1.724756  ]
  [ 0.18018028 -1.1507081  -1.2819539 ]
  [ 0.5169497   1.5550231  -0.56095093]]

 [[-1.4473487   0.83775246  0.45094642]
  [ 0.6470017  -1.5425427  -0.4493887 ]
  [ 1.5398529  -0.5651632  -0.5562767 ]]

 [[-1.4943414   0.85021096 -0.20996381]
  [-0.84553576  1.4422457   0.45276526]
  [-1.3331504   0.5678565   0.94881445]]

 [[ 0.34761786  0.75228    -1.5209328 ]
  [-1.4865652   0.33546734  0.8231555 ]
  [-0.7464999  -1.0565299  -1.1517302 ]]

 [[ 0.52467024 -1.1786445  -1.1556461 ]
  [ 1.404202    1.0088433   0.10223439]
  [ 1.0093883   0.8890634   1.0911927 ]]

 [[-0.39332494  1.6796805   0.15481716]
  [ 1.0250793   0.10720471  1.39202   ]
  [ 0.4675755   0.14444989  1.6614773 ]]]
J_in:
[[ 0.7748988   1.4212599   1.0613074  ... -1.2311008  -1.5399121
   0.10436106]
 [ 0.37121445 -0.9654151  -0.5278245  ... -0.94011265  0.8000718
   0.74954253]
 [ 1.5216392   1.73902    -0.5819625  ... -0.02780661  1.1209823
   0.48492533]]
J_out:
[[-0.3745395  -0.67476046  1.5506186 ]
 [-0.6325292   1.3515129   0.87938607]]
Initial config.s are generated.
Start process (0).
# of replicas:1.
Used1 cores.
DONE!
Thu Dec 19 15:20:48 CST 2024
starting time:1734592853
S:
[[[ 1  1 -1]
  [-1 -1 -1]
  [-1 -1 -1]
  ...
  [ 1  1 -1]
  [-1 -1  1]
  [ 1  1 -1]]

 [[ 1  1  1]
  [ 1 -1  1]
  [-1  1  1]
  ...
  [ 1 -1 -1]
  [-1  1 -1]
  [-1 -1  1]]

 [[ 1 -1 -1]
  [ 1  1  1]
  [ 1  1 -1]
  ...
  [ 1  1 -1]
  [ 1 -1  1]
  [ 1 -1 -1]]

 ...

 [[ 1  1 -1]
  [ 1  1  1]
  [ 1  1  1]
  ...
  [ 1  1 -1]
  [ 1 -1  1]
  [ 1 -1  1]]

 [[ 1  1  1]
  [ 1 -1  1]
  [-1  1  1]
  ...
  [-1  1  1]
  [-1  1 -1]
  [-1 -1  1]]

 [[-1  1  1]
  [ 1  1 -1]
  [-1  1  1]
  ...
  [-1 -1  1]
  [ 1 -1  1]
  [ 1  1  1]]]
J_hidden:
[[[ 0.7038555  -1.5615935  -0.2569298 ]
  [-0.61926395  0.8095786   1.4003907 ]
  [-1.5215937   0.21352546 -0.7994743 ]]

 [[-1.2448286   1.1913301  -0.17644992]
  [-1.0427375   1.3780595   0.11683529]
  [ 0.7056593  -0.97116107 -1.2485555 ]]

 [[ 1.6348064   0.3365665  -0.46274254]
  [ 1.1162558  -0.7880805   1.0643789 ]
  [-1.475154   -0.5824801   0.69615877]]

 [[ 1.1487488   1.2943826  -0.07035446]
  [ 0.8246502   0.05695544 -1.5220736 ]
  [ 1.6103708  -0.3103806  -0.5571087 ]]

 [[-0.6391364   0.48039213  1.536466  ]
  [-0.69924587 -0.9528486  -1.2661495 ]
  [ 1.2553042  -0.95625293 -0.7139969 ]]

 [[-1.7070087  -0.10273175 -0.27489516]
  [ 0.28267035 -1.2100589  -1.2065883 ]
  [-0.22269446 -1.6935372   0.28694725]]

 [[ 0.57256824 -1.3860689  -0.86658996]
  [-1.6107162   0.5330385   0.3485151 ]
  [-0.35758856 -1.6904514   0.12043535]]

 [[-0.7315358  -1.1327053  -1.0871218 ]
  [-0.10999786  0.02147046 -1.7284211 ]
  [-0.36285982 -1.2331339   1.1609106 ]]]
J_in:
[[ 1.1126331  -1.3963698   0.1290509  ...  0.263919   -1.0701387
  -0.20336235]
 [-1.0204961   0.02558351 -1.4400513  ... -0.6629247   0.7509783
   0.60710275]
 [ 1.2131946   0.49456835 -0.6886214  ... -0.5076064  -0.5585742
  -0.6065861 ]]
J_out:
[[-0.71675473 -0.9965216  -1.2219687 ]
 [ 1.5584253  -0.75263953 -0.069598  ]]
Initial config.s are generated.
Start process (0).
# of replicas:1.
Used1 cores.
DONE!
Thu Jan  2 20:18:30 CST 2025
Thu Jan  2 20:28:17 CST 2025
Thu Jan  2 20:33:06 CST 2025
starting time:1735821376
S:
[[[ 1  1  1]
  [-1 -1  1]
  [-1 -1  1]
  ...
  [ 1  1  1]
  [-1 -1 -1]
  [-1  1 -1]]

 [[ 1 -1 -1]
  [ 1  1  1]
  [-1 -1  1]
  ...
  [ 1  1  1]
  [ 1 -1 -1]
  [ 1 -1 -1]]

 [[ 1 -1  1]
  [-1 -1  1]
  [ 1 -1 -1]
  ...
  [-1  1  1]
  [-1 -1 -1]
  [-1 -1  1]]

 ...

 [[-1  1  1]
  [ 1  1 -1]
  [ 1 -1  1]
  ...
  [ 1 -1 -1]
  [-1  1  1]
  [ 1  1  1]]

 [[ 1 -1  1]
  [-1  1  1]
  [ 1  1  1]
  ...
  [-1 -1 -1]
  [ 1  1 -1]
  [-1  1  1]]

 [[ 1 -1 -1]
  [-1  1 -1]
  [ 1 -1 -1]
  ...
  [-1  1  1]
  [-1 -1 -1]
  [-1  1 -1]]]
J_hidden:
[[[-1.5779027  -0.5817326   0.41449964]
  [-1.43718     0.96446514 -0.06572951]
  [-1.0795949   1.0914532   0.80200064]]

 [[-1.3521855  -1.0794327   0.08011999]
  [ 0.5170612   0.91339755  1.3778071 ]
  [ 0.85155797  0.87252605 -1.2302631 ]]

 [[ 0.162968   -1.3569803   1.0639763 ]
  [ 0.21091138 -1.7093841   0.18309158]
  [-0.8651251  -1.4285717   0.45906547]]

 [[ 1.3388554  -1.0959784   0.07935554]
  [-0.07953169 -1.0282891  -1.3915083 ]
  [ 0.32382366  1.5608907   0.6773168 ]]

 [[-1.6177841   0.24101952  0.56981045]
  [ 0.10920117  0.54571325 -1.6402049 ]
  [ 1.5532196  -0.22254919  0.7334714 ]]

 [[-0.16058588 -1.6857758  -0.36382934]
  [-0.23179436 -0.21746455 -1.7026393 ]
  [ 0.40592146  1.4686469  -0.8235917 ]]

 [[ 0.5800812   1.6291369   0.09705064]
  [-1.2528367   1.1764146   0.21551895]
  [-0.2697718   1.5564991  -0.7103052 ]]

 [[ 0.71360636  1.369205   -0.78488415]
  [-0.33465368 -1.2873716  -1.1093608 ]
  [-0.1763488   0.05902256  1.7220386 ]]]
J_in:
[[-1.17901    -1.2186826  -0.4215661  ...  0.5313301   2.385622
  -1.3980182 ]
 [ 1.0921296  -1.5234811   0.7851046  ...  0.14051816 -0.14624974
   0.33113024]
 [-0.6712261   0.65837777  0.767393   ...  0.2223592   0.23744307
   0.9599104 ]]
J_out:
[[-0.09444577  1.6615086   0.48007208]
 [-0.35426897  1.1913744   1.2062837 ]]
Initial config.s are generated.
Start process (0).
# of replicas:1.
Used1 cores.
DONE!
Fri Jan  3 19:17:45 CST 2025
starting time:1735903248
S:
[[[ 1  1  1]
  [ 1 -1 -1]
  [ 1 -1 -1]
  ...
  [ 1  1  1]
  [-1 -1 -1]
  [ 1  1 -1]]

 [[ 1  1  1]
  [ 1 -1 -1]
  [-1  1 -1]
  ...
  [ 1  1 -1]
  [-1 -1  1]
  [ 1  1  1]]

 [[ 1  1 -1]
  [ 1  1 -1]
  [ 1  1  1]
  ...
  [ 1  1 -1]
  [ 1  1 -1]
  [ 1 -1 -1]]

 ...

 [[-1 -1 -1]
  [ 1  1  1]
  [-1 -1 -1]
  ...
  [-1 -1  1]
  [-1  1  1]
  [-1 -1  1]]

 [[-1  1  1]
  [ 1  1 -1]
  [ 1  1 -1]
  ...
  [-1 -1  1]
  [ 1 -1 -1]
  [-1  1 -1]]

 [[ 1 -1 -1]
  [-1 -1  1]
  [-1  1  1]
  ...
  [-1  1  1]
  [ 1  1  1]
  [-1  1 -1]]]
J_hidden:
[[[ 1.682165    0.41168493 -0.02891777]
  [ 0.7622538  -0.7455775  -1.364948  ]
  [ 0.5593674   1.6292981  -0.1802667 ]]

 [[ 1.6198313   0.44916162  0.4176121 ]
  [ 0.22449611  1.1817107   1.2462589 ]
  [-0.77567494  0.40044346  1.4959857 ]]

 [[ 0.5524374   1.070715    1.2443401 ]
  [-0.2054594  -0.3101392  -1.6916264 ]
  [-0.9483018  -1.4419496  -0.1466466 ]]

 [[-1.2395227  -0.4855781   1.10806   ]
  [ 0.04900726 -1.3711492  -1.0571414 ]
  [-0.0583921  -0.70527977 -1.5808766 ]]

 [[ 1.5416101   0.00238209  0.7895772 ]
  [ 0.0747765  -0.80942625  1.5294566 ]
  [-1.436425    0.54844385  0.7974288 ]]

 [[ 0.4180121   1.1556027  -1.2205936 ]
  [ 0.08568931 -0.08734728 -1.7277234 ]
  [-0.33560184  0.30775544  1.6711248 ]]

 [[ 0.79948527 -1.447316    0.5158482 ]
  [ 0.02471949  1.6832718  -0.40741283]
  [ 0.76838505 -0.83859676 -1.3062694 ]]

 [[-0.213586   -0.28746477  1.6946224 ]
  [-0.67489195 -1.4839196   0.5852378 ]
  [-0.5460564  -0.31001648  1.6142218 ]]]
J_in:
[[-1.3806581   0.4506033   1.227069   ... -0.42121664  0.45048347
  -0.11216787]
 [-0.54083204 -0.22910322  0.07234873 ...  1.1452876   1.021901
   0.43147904]
 [-1.052593    0.5165325   2.2087855  ... -0.09318687 -0.4325645
   0.13781938]]
J_out:
[[-1.020722   -0.9847782  -0.9941521 ]
 [ 0.03457333 -1.7161449  -0.23162705]]
Initial config.s are generated.
Start process (0).
# of replicas:1.
Used1 cores.
DONE!
Tue Apr  8 15:47:10 CST 2025
starting time:1744098954
S:
[[[-1  1  1]
  [ 1  1  1]
  [-1 -1 -1]
  ...
  [ 1 -1  1]
  [-1 -1  1]
  [-1  1  1]]

 [[ 1 -1 -1]
  [ 1  1 -1]
  [-1 -1 -1]
  ...
  [-1 -1  1]
  [ 1 -1 -1]
  [-1 -1 -1]]

 [[ 1 -1  1]
  [-1  1  1]
  [-1 -1 -1]
  ...
  [-1  1 -1]
  [-1 -1 -1]
  [-1  1  1]]

 ...

 [[-1 -1 -1]
  [-1 -1  1]
  [-1 -1  1]
  ...
  [-1 -1  1]
  [ 1  1  1]
  [-1  1  1]]

 [[-1 -1  1]
  [-1  1 -1]
  [-1  1 -1]
  ...
  [ 1  1  1]
  [ 1  1 -1]
  [-1 -1  1]]

 [[-1 -1 -1]
  [ 1 -1  1]
  [ 1 -1  1]
  ...
  [ 1  1  1]
  [ 1  1  1]
  [-1 -1  1]]]
J_hidden:
[[[-1.4547479   0.5181547  -0.7843621 ]
  [ 1.3270968  -1.0606031   0.33754236]
  [ 1.4400362   0.17189808 -0.94696707]]

 [[ 0.37891963  1.3855695  -0.96779   ]
  [-0.0573341   1.724114   -0.15538359]
  [-1.6581415   0.42081502  0.27107465]]

 [[ 0.7410208  -1.373267    0.7516821 ]
  [-0.3294291  -1.0232775   1.3580793 ]
  [ 0.83670956  1.5165122  -0.01038616]]

 [[-1.097922   -1.1583784  -0.67284983]
  [ 1.0431126  -1.3682785   0.19932285]
  [-0.4630048   1.6644675  -0.12318524]]

 [[-1.261849    0.306051    1.1463289 ]
  [-1.5613891  -0.55288106  0.50634646]
  [-0.57549745  1.3493838   0.92085063]]

 [[-1.1664194  -1.2362876   0.33325458]
  [-1.4825313   0.23669934 -0.86375576]
  [-1.2778727  -0.48862576 -1.062208  ]]

 [[-1.3819401   0.21424516 -1.0219296 ]
  [ 1.6433169   0.4878154  -0.24808398]
  [ 0.91648835 -0.5962833  -1.343315  ]]

 [[ 1.1479895   1.2712734   0.25687236]
  [-1.5936451   0.4161169  -0.5358564 ]
  [-1.1279501  -1.1512971   0.6342267 ]]]
J_in:
[[-1.1414515  -0.23739102  0.8539282  ...  2.2335298   0.23505785
  -0.05758008]
 [ 0.21070062 -0.30913916  1.1701401  ... -1.0278493   1.0108346
  -1.4799283 ]
 [ 0.9529304  -0.45400158  0.07619899 ... -0.93093014 -1.8774952
   1.1593804 ]]
J_out:
[[-1.656308    0.21553127 -0.45846486]
 [-1.1378686  -1.3052211  -0.04065259]]
Initial config.s are generated.
Start process (0).
# of replicas:1.
Used1 cores.
DONE!
